
*** Running vivado
    with args -log vga.vdi -applog -m64 -product Vivado -messageDb vivado.pb -mode batch -source vga.tcl -notrace



****** Vivado v2022.1 (64-bit)
  **** SW Build 3526262 on Mon Apr 18 15:48:16 MDT 2022
  **** IP Build 3524634 on Mon Apr 18 20:55:01 MDT 2022
    ** Copyright 1986-2022 Xilinx, Inc. All Rights Reserved.

source vga.tcl -notrace
Command: link_design -top vga -part xc7a35tcpg236-3
Design is defaulting to srcset: sources_1
Design is defaulting to constrset: constrs_1
INFO: [Device 21-403] Loading part xc7a35tcpg236-3
Netlist sorting complete. Time (s): cpu = 00:00:00 ; elapsed = 00:00:00.007 . Memory (MB): peak = 1293.988 ; gain = 0.000
INFO: [Netlist 29-17] Analyzing 99 Unisim elements for replacement
INFO: [Netlist 29-28] Unisim Transformation completed in 0 CPU seconds
INFO: [Project 1-479] Netlist was created with Vivado 2022.1
INFO: [Project 1-570] Preparing netlist for logic optimization
Parsing XDC File [D:/OneDrive/University/year_3/semester_1/2110363_HW_SYN_LAB_I/project/Final_Project/HW_SYS_LAB_Project/Term_Project/Term_Project.srcs/constrs_1/imports/2110363_HW_SYN_LAB_I/Basys-3-Master.xdc]
WARNING: [Vivado 12-584] No ports matched 'RsRx'. [D:/OneDrive/University/year_3/semester_1/2110363_HW_SYN_LAB_I/project/Final_Project/HW_SYS_LAB_Project/Term_Project/Term_Project.srcs/constrs_1/imports/2110363_HW_SYN_LAB_I/Basys-3-Master.xdc:267]
CRITICAL WARNING: [Common 17-55] 'set_property' expects at least one object. [D:/OneDrive/University/year_3/semester_1/2110363_HW_SYN_LAB_I/project/Final_Project/HW_SYS_LAB_Project/Term_Project/Term_Project.srcs/constrs_1/imports/2110363_HW_SYN_LAB_I/Basys-3-Master.xdc:267]
Resolution: If [get_<value>] was used to populate the object, check to make sure this command returns at least one valid object.
WARNING: [Vivado 12-584] No ports matched 'RsRx'. [D:/OneDrive/University/year_3/semester_1/2110363_HW_SYN_LAB_I/project/Final_Project/HW_SYS_LAB_Project/Term_Project/Term_Project.srcs/constrs_1/imports/2110363_HW_SYN_LAB_I/Basys-3-Master.xdc:268]
CRITICAL WARNING: [Common 17-55] 'set_property' expects at least one object. [D:/OneDrive/University/year_3/semester_1/2110363_HW_SYN_LAB_I/project/Final_Project/HW_SYS_LAB_Project/Term_Project/Term_Project.srcs/constrs_1/imports/2110363_HW_SYN_LAB_I/Basys-3-Master.xdc:268]
Resolution: If [get_<value>] was used to populate the object, check to make sure this command returns at least one valid object.
WARNING: [Vivado 12-584] No ports matched 'RsTx'. [D:/OneDrive/University/year_3/semester_1/2110363_HW_SYN_LAB_I/project/Final_Project/HW_SYS_LAB_Project/Term_Project/Term_Project.srcs/constrs_1/imports/2110363_HW_SYN_LAB_I/Basys-3-Master.xdc:269]
CRITICAL WARNING: [Common 17-55] 'set_property' expects at least one object. [D:/OneDrive/University/year_3/semester_1/2110363_HW_SYN_LAB_I/project/Final_Project/HW_SYS_LAB_Project/Term_Project/Term_Project.srcs/constrs_1/imports/2110363_HW_SYN_LAB_I/Basys-3-Master.xdc:269]
Resolution: If [get_<value>] was used to populate the object, check to make sure this command returns at least one valid object.
WARNING: [Vivado 12-584] No ports matched 'RsTx'. [D:/OneDrive/University/year_3/semester_1/2110363_HW_SYN_LAB_I/project/Final_Project/HW_SYS_LAB_Project/Term_Project/Term_Project.srcs/constrs_1/imports/2110363_HW_SYN_LAB_I/Basys-3-Master.xdc:270]
CRITICAL WARNING: [Common 17-55] 'set_property' expects at least one object. [D:/OneDrive/University/year_3/semester_1/2110363_HW_SYN_LAB_I/project/Final_Project/HW_SYS_LAB_Project/Term_Project/Term_Project.srcs/constrs_1/imports/2110363_HW_SYN_LAB_I/Basys-3-Master.xdc:270]
Resolution: If [get_<value>] was used to populate the object, check to make sure this command returns at least one valid object.
Finished Parsing XDC File [D:/OneDrive/University/year_3/semester_1/2110363_HW_SYN_LAB_I/project/Final_Project/HW_SYS_LAB_Project/Term_Project/Term_Project.srcs/constrs_1/imports/2110363_HW_SYN_LAB_I/Basys-3-Master.xdc]
INFO: [Opt 31-138] Pushed 0 inverter(s) to 0 load pin(s).
Netlist sorting complete. Time (s): cpu = 00:00:00 ; elapsed = 00:00:00.001 . Memory (MB): peak = 1293.988 ; gain = 0.000
INFO: [Project 1-111] Unisim Transformation Summary:
No Unisim elements were transformed.

7 Infos, 4 Warnings, 4 Critical Warnings and 0 Errors encountered.
link_design completed successfully
Command: opt_design
Attempting to get a license for feature 'Implementation' and/or device 'xc7a35t'
INFO: [Common 17-349] Got license for feature 'Implementation' and/or device 'xc7a35t'
Running DRC as a precondition to command opt_design

Starting DRC Task
INFO: [DRC 23-27] Running DRC with 2 threads
INFO: [Project 1-461] DRC finished with 0 Errors
INFO: [Project 1-462] Please refer to the DRC report (report_drc) for more information.

Time (s): cpu = 00:00:01 ; elapsed = 00:00:00.699 . Memory (MB): peak = 1293.988 ; gain = 0.000

Starting Cache Timing Information Task
INFO: [Timing 38-35] Done setting XDC timing constraints.
Ending Cache Timing Information Task | Checksum: 16d9b3b5b

Time (s): cpu = 00:00:04 ; elapsed = 00:00:05 . Memory (MB): peak = 1452.969 ; gain = 158.980

Starting Logic Optimization Task

Phase 1 Retarget
INFO: [Opt 31-1287] Pulled Inverter vga_sync_unit/col_carry_i_2 into driver instance vga_sync_unit/col_carry_i_12, which resulted in an inversion of 46 pins
INFO: [Opt 31-138] Pushed 0 inverter(s) to 0 load pin(s).
In IDDR TRANSFORM
INFO: [Opt 31-49] Retargeted 0 cell(s).
Phase 1 Retarget | Checksum: 1a7580309

Time (s): cpu = 00:00:00 ; elapsed = 00:00:00.041 . Memory (MB): peak = 1759.234 ; gain = 0.000
INFO: [Opt 31-389] Phase Retarget created 0 cells and removed 4 cells

Phase 2 Constant propagation
INFO: [Opt 31-138] Pushed 0 inverter(s) to 0 load pin(s).
Phase 2 Constant propagation | Checksum: 222383e3f

Time (s): cpu = 00:00:01 ; elapsed = 00:00:00.046 . Memory (MB): peak = 1759.234 ; gain = 0.000
INFO: [Opt 31-389] Phase Constant propagation created 0 cells and removed 0 cells

Phase 3 Sweep
Phase 3 Sweep | Checksum: 1479b5f16

Time (s): cpu = 00:00:01 ; elapsed = 00:00:00.054 . Memory (MB): peak = 1759.234 ; gain = 0.000
INFO: [Opt 31-389] Phase Sweep created 0 cells and removed 0 cells

Phase 4 BUFG optimization
Phase 4 BUFG optimization | Checksum: 1479b5f16

Time (s): cpu = 00:00:01 ; elapsed = 00:00:00.080 . Memory (MB): peak = 1759.234 ; gain = 0.000
INFO: [Opt 31-662] Phase BUFG optimization created 0 cells of which 0 are BUFGs and removed 0 cells.

Phase 5 Shift Register Optimization
INFO: [Opt 31-1064] SRL Remap converted 0 SRLs to 0 registers and converted 0 registers of register chains to 0 SRLs
Phase 5 Shift Register Optimization | Checksum: 1479b5f16

Time (s): cpu = 00:00:01 ; elapsed = 00:00:00.081 . Memory (MB): peak = 1759.234 ; gain = 0.000
INFO: [Opt 31-389] Phase Shift Register Optimization created 0 cells and removed 0 cells

Phase 6 Post Processing Netlist
Phase 6 Post Processing Netlist | Checksum: 1479b5f16

Time (s): cpu = 00:00:01 ; elapsed = 00:00:00.083 . Memory (MB): peak = 1759.234 ; gain = 0.000
INFO: [Opt 31-389] Phase Post Processing Netlist created 0 cells and removed 0 cells
Opt_design Change Summary
=========================


-------------------------------------------------------------------------------------------------------------------------
|  Phase                        |  #Cells created  |  #Cells Removed  |  #Constrained objects preventing optimizations  |
-------------------------------------------------------------------------------------------------------------------------
|  Retarget                     |               0  |               4  |                                              0  |
|  Constant propagation         |               0  |               0  |                                              0  |
|  Sweep                        |               0  |               0  |                                              0  |
|  BUFG optimization            |               0  |               0  |                                              0  |
|  Shift Register Optimization  |               0  |               0  |                                              0  |
|  Post Processing Netlist      |               0  |               0  |                                              0  |
-------------------------------------------------------------------------------------------------------------------------



Starting Connectivity Check Task

Time (s): cpu = 00:00:00 ; elapsed = 00:00:00.001 . Memory (MB): peak = 1759.234 ; gain = 0.000
Ending Logic Optimization Task | Checksum: e684b446

Time (s): cpu = 00:00:01 ; elapsed = 00:00:00.108 . Memory (MB): peak = 1759.234 ; gain = 0.000

Starting Power Optimization Task
INFO: [Pwropt 34-132] Skipping clock gating for clocks with a period < 2.00 ns.
Ending Power Optimization Task | Checksum: e684b446

Time (s): cpu = 00:00:00 ; elapsed = 00:00:00.005 . Memory (MB): peak = 1759.234 ; gain = 0.000

Starting Final Cleanup Task
Ending Final Cleanup Task | Checksum: e684b446

Time (s): cpu = 00:00:00 ; elapsed = 00:00:00 . Memory (MB): peak = 1759.234 ; gain = 0.000

Starting Netlist Obfuscation Task
Netlist sorting complete. Time (s): cpu = 00:00:00 ; elapsed = 00:00:00.001 . Memory (MB): peak = 1759.234 ; gain = 0.000
Ending Netlist Obfuscation Task | Checksum: e684b446

Time (s): cpu = 00:00:00 ; elapsed = 00:00:00.001 . Memory (MB): peak = 1759.234 ; gain = 0.000
INFO: [Common 17-83] Releasing license: Implementation
25 Infos, 4 Warnings, 4 Critical Warnings and 0 Errors encountered.
opt_design completed successfully
opt_design: Time (s): cpu = 00:00:07 ; elapsed = 00:00:08 . Memory (MB): peak = 1759.234 ; gain = 465.246
INFO: [Timing 38-480] Writing timing data to binary archive.
Writing XDEF routing.
Writing XDEF routing logical nets.
Writing XDEF routing special nets.
Write XDEF Complete: Time (s): cpu = 00:00:00 ; elapsed = 00:00:00.030 . Memory (MB): peak = 1759.234 ; gain = 0.000
INFO: [Common 17-1381] The checkpoint 'D:/OneDrive/University/year_3/semester_1/2110363_HW_SYN_LAB_I/project/Final_Project/HW_SYS_LAB_Project/Term_Project/Term_Project.runs/impl_1/vga_opt.dcp' has been generated.
INFO: [runtcl-4] Executing : report_drc -file vga_drc_opted.rpt -pb vga_drc_opted.pb -rpx vga_drc_opted.rpx
Command: report_drc -file vga_drc_opted.rpt -pb vga_drc_opted.pb -rpx vga_drc_opted.rpx
INFO: [IP_Flow 19-234] Refreshing IP repositories
INFO: [IP_Flow 19-1704] No user IP repositories specified
INFO: [IP_Flow 19-2313] Loaded Vivado IP repository 'E:/Vivado/Vivado/2022.1/data/ip'.
INFO: [Timing 38-35] Done setting XDC timing constraints.
INFO: [DRC 23-27] Running DRC with 2 threads
INFO: [Vivado_Tcl 2-168] The results of DRC are in file D:/OneDrive/University/year_3/semester_1/2110363_HW_SYN_LAB_I/project/Final_Project/HW_SYS_LAB_Project/Term_Project/Term_Project.runs/impl_1/vga_drc_opted.rpt.
report_drc completed successfully
Command: place_design
Attempting to get a license for feature 'Implementation' and/or device 'xc7a35t'
INFO: [Common 17-349] Got license for feature 'Implementation' and/or device 'xc7a35t'
INFO: [DRC 23-27] Running DRC with 2 threads
INFO: [Vivado_Tcl 4-198] DRC finished with 0 Errors
INFO: [Vivado_Tcl 4-199] Please refer to the DRC report (report_drc) for more information.
Running DRC as a precondition to command place_design
INFO: [DRC 23-27] Running DRC with 2 threads
INFO: [Vivado_Tcl 4-198] DRC finished with 0 Errors
INFO: [Vivado_Tcl 4-199] Please refer to the DRC report (report_drc) for more information.

Starting Placer Task
INFO: [Place 30-611] Multithreading enabled for place_design using a maximum of 2 CPUs

Phase 1 Placer Initialization

Phase 1.1 Placer Initialization Netlist Sorting
Netlist sorting complete. Time (s): cpu = 00:00:00 ; elapsed = 00:00:00 . Memory (MB): peak = 1800.508 ; gain = 0.000
Phase 1.1 Placer Initialization Netlist Sorting | Checksum: c0b8cf56

Time (s): cpu = 00:00:00 ; elapsed = 00:00:00.004 . Memory (MB): peak = 1800.508 ; gain = 0.000
Netlist sorting complete. Time (s): cpu = 00:00:00 ; elapsed = 00:00:00 . Memory (MB): peak = 1800.508 ; gain = 0.000

Phase 1.2 IO Placement/ Clock Placement/ Build Placer Device
Phase 1.2 IO Placement/ Clock Placement/ Build Placer Device | Checksum: be8a3874

Time (s): cpu = 00:00:01 ; elapsed = 00:00:00.259 . Memory (MB): peak = 1800.508 ; gain = 0.000

Phase 1.3 Build Placer Netlist Model
Phase 1.3 Build Placer Netlist Model | Checksum: eaeae449

Time (s): cpu = 00:00:01 ; elapsed = 00:00:00.368 . Memory (MB): peak = 1800.508 ; gain = 0.000

Phase 1.4 Constrain Clocks/Macros
Phase 1.4 Constrain Clocks/Macros | Checksum: eaeae449

Time (s): cpu = 00:00:01 ; elapsed = 00:00:00.369 . Memory (MB): peak = 1800.508 ; gain = 0.000
Phase 1 Placer Initialization | Checksum: eaeae449

Time (s): cpu = 00:00:01 ; elapsed = 00:00:00.372 . Memory (MB): peak = 1800.508 ; gain = 0.000

Phase 2 Global Placement

Phase 2.1 Floorplanning
Phase 2.1 Floorplanning | Checksum: e6d8199e

Time (s): cpu = 00:00:01 ; elapsed = 00:00:00.436 . Memory (MB): peak = 1800.508 ; gain = 0.000

Phase 2.2 Update Timing before SLR Path Opt
Phase 2.2 Update Timing before SLR Path Opt | Checksum: 1a2660846

Time (s): cpu = 00:00:01 ; elapsed = 00:00:00.473 . Memory (MB): peak = 1800.508 ; gain = 0.000

Phase 2.3 Post-Processing in Floorplanning
Phase 2.3 Post-Processing in Floorplanning | Checksum: 1a2660846

Time (s): cpu = 00:00:01 ; elapsed = 00:00:00.474 . Memory (MB): peak = 1800.508 ; gain = 0.000

Phase 2.4 Global Placement Core

Phase 2.4.1 Physical Synthesis In Placer
INFO: [Physopt 32-1035] Found 0 LUTNM shape to break, 22 LUT instances to create LUTNM shape
INFO: [Physopt 32-1044] Break lutnm for timing: one critical 0, two critical 0, total 0, new lutff created 0
INFO: [Physopt 32-1138] End 1 Pass. Optimized 6 nets or LUTs. Breaked 0 LUT, combined 6 existing LUTs and moved 0 existing LUT
INFO: [Physopt 32-65] No nets found for high-fanout optimization.
INFO: [Physopt 32-232] Optimized 0 net. Created 0 new instance.
INFO: [Physopt 32-775] End 1 Pass. Optimized 0 net or cell. Created 0 new cell, deleted 0 existing cell and moved 0 existing cell
INFO: [Physopt 32-670] No setup violation found.  DSP Register Optimization was not performed.
INFO: [Physopt 32-670] No setup violation found.  Shift Register to Pipeline Optimization was not performed.
INFO: [Physopt 32-670] No setup violation found.  Shift Register Optimization was not performed.
INFO: [Physopt 32-670] No setup violation found.  BRAM Register Optimization was not performed.
INFO: [Physopt 32-670] No setup violation found.  URAM Register Optimization was not performed.
INFO: [Physopt 32-949] No candidate nets found for dynamic/static region interface net replication
INFO: [Physopt 32-775] End 1 Pass. Optimized 0 net or cell. Created 0 new cell, deleted 0 existing cell and moved 0 existing cell
Netlist sorting complete. Time (s): cpu = 00:00:00 ; elapsed = 00:00:00 . Memory (MB): peak = 1800.508 ; gain = 0.000

Summary of Physical Synthesis Optimizations
============================================


-----------------------------------------------------------------------------------------------------------------------------------------------------------
|  Optimization                                     |  Added Cells  |  Removed Cells  |  Optimized Cells/Nets  |  Dont Touch  |  Iterations  |  Elapsed   |
-----------------------------------------------------------------------------------------------------------------------------------------------------------
|  LUT Combining                                    |            0  |              6  |                     6  |           0  |           1  |  00:00:00  |
|  Retime                                           |            0  |              0  |                     0  |           0  |           1  |  00:00:00  |
|  Very High Fanout                                 |            0  |              0  |                     0  |           0  |           1  |  00:00:00  |
|  DSP Register                                     |            0  |              0  |                     0  |           0  |           0  |  00:00:00  |
|  Shift Register to Pipeline                       |            0  |              0  |                     0  |           0  |           0  |  00:00:00  |
|  Shift Register                                   |            0  |              0  |                     0  |           0  |           0  |  00:00:00  |
|  BRAM Register                                    |            0  |              0  |                     0  |           0  |           0  |  00:00:00  |
|  URAM Register                                    |            0  |              0  |                     0  |           0  |           0  |  00:00:00  |
|  Dynamic/Static Region Interface Net Replication  |            0  |              0  |                     0  |           0  |           1  |  00:00:00  |
|  Total                                            |            0  |              6  |                     6  |           0  |           4  |  00:00:00  |
-----------------------------------------------------------------------------------------------------------------------------------------------------------


Phase 2.4.1 Physical Synthesis In Placer | Checksum: bc49327d

Time (s): cpu = 00:00:01 ; elapsed = 00:00:02 . Memory (MB): peak = 1800.508 ; gain = 0.000
Phase 2.4 Global Placement Core | Checksum: ca43d56f

Time (s): cpu = 00:00:01 ; elapsed = 00:00:02 . Memory (MB): peak = 1800.508 ; gain = 0.000
Phase 2 Global Placement | Checksum: ca43d56f

Time (s): cpu = 00:00:01 ; elapsed = 00:00:02 . Memory (MB): peak = 1800.508 ; gain = 0.000

Phase 3 Detail Placement

Phase 3.1 Commit Multi Column Macros
Phase 3.1 Commit Multi Column Macros | Checksum: 964251a0

Time (s): cpu = 00:00:01 ; elapsed = 00:00:02 . Memory (MB): peak = 1800.508 ; gain = 0.000

Phase 3.2 Commit Most Macros & LUTRAMs
Phase 3.2 Commit Most Macros & LUTRAMs | Checksum: ea0a0ea9

Time (s): cpu = 00:00:01 ; elapsed = 00:00:02 . Memory (MB): peak = 1800.508 ; gain = 0.000

Phase 3.3 Area Swap Optimization
Phase 3.3 Area Swap Optimization | Checksum: 5f4b8ca0

Time (s): cpu = 00:00:01 ; elapsed = 00:00:02 . Memory (MB): peak = 1800.508 ; gain = 0.000

Phase 3.4 Pipeline Register Optimization
Phase 3.4 Pipeline Register Optimization | Checksum: 59ac4b91

Time (s): cpu = 00:00:01 ; elapsed = 00:00:02 . Memory (MB): peak = 1800.508 ; gain = 0.000

Phase 3.5 Small Shape Detail Placement
Phase 3.5 Small Shape Detail Placement | Checksum: 170def438

Time (s): cpu = 00:00:01 ; elapsed = 00:00:02 . Memory (MB): peak = 1800.508 ; gain = 0.000

Phase 3.6 Re-assign LUT pins
Phase 3.6 Re-assign LUT pins | Checksum: bdcf46f5

Time (s): cpu = 00:00:01 ; elapsed = 00:00:02 . Memory (MB): peak = 1800.508 ; gain = 0.000

Phase 3.7 Pipeline Register Optimization
Phase 3.7 Pipeline Register Optimization | Checksum: 123ee8be6

Time (s): cpu = 00:00:01 ; elapsed = 00:00:02 . Memory (MB): peak = 1800.508 ; gain = 0.000
Phase 3 Detail Placement | Checksum: 123ee8be6

Time (s): cpu = 00:00:01 ; elapsed = 00:00:02 . Memory (MB): peak = 1800.508 ; gain = 0.000

Phase 4 Post Placement Optimization and Clean-Up

Phase 4.1 Post Commit Optimization
INFO: [Timing 38-35] Done setting XDC timing constraints.

Phase 4.1.1 Post Placement Optimization
Post Placement Optimization Initialization | Checksum: 9f73fa47

Phase 4.1.1.1 BUFG Insertion

Starting Physical Synthesis Task

Phase 1 Physical Synthesis Initialization
INFO: [Physopt 32-721] Multithreading enabled for phys_opt_design using a maximum of 2 CPUs
INFO: [Physopt 32-619] Estimated Timing Summary | WNS=6.730 | TNS=0.000 |
Phase 1 Physical Synthesis Initialization | Checksum: aa2f6b5e

Time (s): cpu = 00:00:00 ; elapsed = 00:00:00.013 . Memory (MB): peak = 1800.508 ; gain = 0.000
INFO: [Place 46-56] BUFG insertion identified 0 candidate nets. Inserted BUFG: 0, Replicated BUFG Driver: 0, Skipped due to Placement/Routing Conflicts: 0, Skipped due to Timing Degradation: 0, Skipped due to Illegal Netlist: 0.
Ending Physical Synthesis Task | Checksum: 55589200

Time (s): cpu = 00:00:00 ; elapsed = 00:00:00.017 . Memory (MB): peak = 1800.508 ; gain = 0.000
Phase 4.1.1.1 BUFG Insertion | Checksum: 9f73fa47

Time (s): cpu = 00:00:01 ; elapsed = 00:00:02 . Memory (MB): peak = 1800.508 ; gain = 0.000

Phase 4.1.1.2 Post Placement Timing Optimization
INFO: [Place 30-746] Post Placement Timing Summary WNS=6.730. For the most accurate timing information please run report_timing.
Phase 4.1.1.2 Post Placement Timing Optimization | Checksum: 6b4faa2a

Time (s): cpu = 00:00:01 ; elapsed = 00:00:02 . Memory (MB): peak = 1800.508 ; gain = 0.000

Time (s): cpu = 00:00:01 ; elapsed = 00:00:02 . Memory (MB): peak = 1800.508 ; gain = 0.000
Phase 4.1 Post Commit Optimization | Checksum: 6b4faa2a

Time (s): cpu = 00:00:01 ; elapsed = 00:00:02 . Memory (MB): peak = 1800.508 ; gain = 0.000

Phase 4.2 Post Placement Cleanup
Phase 4.2 Post Placement Cleanup | Checksum: 6b4faa2a

Time (s): cpu = 00:00:01 ; elapsed = 00:00:02 . Memory (MB): peak = 1800.508 ; gain = 0.000

Phase 4.3 Placer Reporting

Phase 4.3.1 Print Estimated Congestion
INFO: [Place 30-612] Post-Placement Estimated Congestion 
 ____________________________________________________
|           | Global Congestion | Short Congestion  |
| Direction | Region Size       | Region Size       |
|___________|___________________|___________________|
|      North|                1x1|                1x1|
|___________|___________________|___________________|
|      South|                1x1|                1x1|
|___________|___________________|___________________|
|       East|                1x1|                1x1|
|___________|___________________|___________________|
|       West|                1x1|                1x1|
|___________|___________________|___________________|

Phase 4.3.1 Print Estimated Congestion | Checksum: 6b4faa2a

Time (s): cpu = 00:00:01 ; elapsed = 00:00:02 . Memory (MB): peak = 1800.508 ; gain = 0.000
Phase 4.3 Placer Reporting | Checksum: 6b4faa2a

Time (s): cpu = 00:00:01 ; elapsed = 00:00:02 . Memory (MB): peak = 1800.508 ; gain = 0.000

Phase 4.4 Final Placement Cleanup
Netlist sorting complete. Time (s): cpu = 00:00:00 ; elapsed = 00:00:00 . Memory (MB): peak = 1800.508 ; gain = 0.000

Time (s): cpu = 00:00:01 ; elapsed = 00:00:02 . Memory (MB): peak = 1800.508 ; gain = 0.000
Phase 4 Post Placement Optimization and Clean-Up | Checksum: 5e7512b4

Time (s): cpu = 00:00:01 ; elapsed = 00:00:02 . Memory (MB): peak = 1800.508 ; gain = 0.000
Ending Placer Task | Checksum: 22b2159a

Time (s): cpu = 00:00:01 ; elapsed = 00:00:02 . Memory (MB): peak = 1800.508 ; gain = 0.000
INFO: [Common 17-83] Releasing license: Implementation
62 Infos, 4 Warnings, 4 Critical Warnings and 0 Errors encountered.
place_design completed successfully
INFO: [Timing 38-480] Writing timing data to binary archive.
Writing XDEF routing.
Writing XDEF routing logical nets.
Writing XDEF routing special nets.
Write XDEF Complete: Time (s): cpu = 00:00:00 ; elapsed = 00:00:00.063 . Memory (MB): peak = 1800.508 ; gain = 0.000
INFO: [Common 17-1381] The checkpoint 'D:/OneDrive/University/year_3/semester_1/2110363_HW_SYN_LAB_I/project/Final_Project/HW_SYS_LAB_Project/Term_Project/Term_Project.runs/impl_1/vga_placed.dcp' has been generated.
INFO: [runtcl-4] Executing : report_io -file vga_io_placed.rpt
report_io: Time (s): cpu = 00:00:00 ; elapsed = 00:00:00.030 . Memory (MB): peak = 1800.508 ; gain = 0.000
INFO: [runtcl-4] Executing : report_utilization -file vga_utilization_placed.rpt -pb vga_utilization_placed.pb
INFO: [runtcl-4] Executing : report_control_sets -verbose -file vga_control_sets_placed.rpt
report_control_sets: Time (s): cpu = 00:00:00 ; elapsed = 00:00:00.001 . Memory (MB): peak = 1800.508 ; gain = 0.000
Command: phys_opt_design
Attempting to get a license for feature 'Implementation' and/or device 'xc7a35t'
INFO: [Common 17-349] Got license for feature 'Implementation' and/or device 'xc7a35t'
INFO: [Vivado_Tcl 4-383] Design worst setup slack (WNS) is greater than or equal to 0.000 ns. Skipping all physical synthesis optimizations.
INFO: [Vivado_Tcl 4-232] No setup violation found. The netlist was not modified.
INFO: [Common 17-83] Releasing license: Implementation
71 Infos, 4 Warnings, 4 Critical Warnings and 0 Errors encountered.
phys_opt_design completed successfully
INFO: [Timing 38-480] Writing timing data to binary archive.
Writing XDEF routing.
Writing XDEF routing logical nets.
Writing XDEF routing special nets.
Write XDEF Complete: Time (s): cpu = 00:00:01 ; elapsed = 00:00:00.057 . Memory (MB): peak = 1800.508 ; gain = 0.000
INFO: [Common 17-1381] The checkpoint 'D:/OneDrive/University/year_3/semester_1/2110363_HW_SYN_LAB_I/project/Final_Project/HW_SYS_LAB_Project/Term_Project/Term_Project.runs/impl_1/vga_physopt.dcp' has been generated.
Command: route_design
Attempting to get a license for feature 'Implementation' and/or device 'xc7a35t'
INFO: [Common 17-349] Got license for feature 'Implementation' and/or device 'xc7a35t'
Running DRC as a precondition to command route_design
INFO: [DRC 23-27] Running DRC with 2 threads
INFO: [Vivado_Tcl 4-198] DRC finished with 0 Errors
INFO: [Vivado_Tcl 4-199] Please refer to the DRC report (report_drc) for more information.


Starting Routing Task
INFO: [Route 35-254] Multithreading enabled for route_design using a maximum of 2 CPUs

Phase 1 Build RT Design
Checksum: PlaceDB: 1b1073d9 ConstDB: 0 ShapeSum: 7a1a1c1 RouteDB: 0
Post Restoration Checksum: NetGraph: f1a3eb8 NumContArr: 2c9d0067 Constraints: 0 Timing: 0
Phase 1 Build RT Design | Checksum: 3bb73f1f

Time (s): cpu = 00:00:12 ; elapsed = 00:00:14 . Memory (MB): peak = 1885.781 ; gain = 74.219

Phase 2 Router Initialization

Phase 2.1 Fix Topology Constraints
Phase 2.1 Fix Topology Constraints | Checksum: 3bb73f1f

Time (s): cpu = 00:00:12 ; elapsed = 00:00:14 . Memory (MB): peak = 1891.773 ; gain = 80.211

Phase 2.2 Pre Route Cleanup
Phase 2.2 Pre Route Cleanup | Checksum: 3bb73f1f

Time (s): cpu = 00:00:12 ; elapsed = 00:00:14 . Memory (MB): peak = 1891.773 ; gain = 80.211
 Number of Nodes with overlaps = 0

Phase 2.3 Update Timing
Phase 2.3 Update Timing | Checksum: 1b4f37eb6

Time (s): cpu = 00:00:13 ; elapsed = 00:00:14 . Memory (MB): peak = 1900.820 ; gain = 89.258
INFO: [Route 35-416] Intermediate Timing Summary | WNS=6.821  | TNS=0.000  | WHS=-0.104 | THS=-1.702 |


Router Utilization Summary
  Global Vertical Routing Utilization    = 0.0900901 %
  Global Horizontal Routing Utilization  = 0.0800364 %
  Routable Net Status*
  *Does not include unroutable nets such as driverless and loadless.
  Run report_route_status for detailed report.
  Number of Failed Nets               = 331
    (Failed Nets is the sum of unrouted and partially routed nets)
  Number of Unrouted Nets             = 297
  Number of Partially Routed Nets     = 34
  Number of Node Overlaps             = 700

Phase 2 Router Initialization | Checksum: 1c648095a

Time (s): cpu = 00:00:13 ; elapsed = 00:00:14 . Memory (MB): peak = 1901.836 ; gain = 90.273

Phase 3 Initial Routing

Phase 3.1 Global Routing
Phase 3.1 Global Routing | Checksum: 1c648095a

Time (s): cpu = 00:00:13 ; elapsed = 00:00:14 . Memory (MB): peak = 1901.836 ; gain = 90.273
Phase 3 Initial Routing | Checksum: 267176d5a

Time (s): cpu = 00:00:13 ; elapsed = 00:00:14 . Memory (MB): peak = 1901.836 ; gain = 90.273

Phase 4 Rip-up And Reroute

Phase 4.1 Global Iteration 0
 Number of Nodes with overlaps = 35
 Number of Nodes with overlaps = 0
INFO: [Route 35-416] Intermediate Timing Summary | WNS=6.809  | TNS=0.000  | WHS=N/A    | THS=N/A    |

Phase 4.1 Global Iteration 0 | Checksum: 1304a8970

Time (s): cpu = 00:00:13 ; elapsed = 00:00:15 . Memory (MB): peak = 1901.836 ; gain = 90.273
Phase 4 Rip-up And Reroute | Checksum: 1304a8970

Time (s): cpu = 00:00:13 ; elapsed = 00:00:15 . Memory (MB): peak = 1901.836 ; gain = 90.273

Phase 5 Delay and Skew Optimization

Phase 5.1 Delay CleanUp
Phase 5.1 Delay CleanUp | Checksum: 1304a8970

Time (s): cpu = 00:00:13 ; elapsed = 00:00:15 . Memory (MB): peak = 1901.836 ; gain = 90.273

Phase 5.2 Clock Skew Optimization
Phase 5.2 Clock Skew Optimization | Checksum: 1304a8970

Time (s): cpu = 00:00:13 ; elapsed = 00:00:15 . Memory (MB): peak = 1901.836 ; gain = 90.273
Phase 5 Delay and Skew Optimization | Checksum: 1304a8970

Time (s): cpu = 00:00:13 ; elapsed = 00:00:15 . Memory (MB): peak = 1901.836 ; gain = 90.273

Phase 6 Post Hold Fix

Phase 6.1 Hold Fix Iter

Phase 6.1.1 Update Timing
Phase 6.1.1 Update Timing | Checksum: 1b169ac70

Time (s): cpu = 00:00:13 ; elapsed = 00:00:15 . Memory (MB): peak = 1901.836 ; gain = 90.273
INFO: [Route 35-416] Intermediate Timing Summary | WNS=6.815  | TNS=0.000  | WHS=0.152  | THS=0.000  |

Phase 6.1 Hold Fix Iter | Checksum: 1b169ac70

Time (s): cpu = 00:00:13 ; elapsed = 00:00:15 . Memory (MB): peak = 1901.836 ; gain = 90.273
Phase 6 Post Hold Fix | Checksum: 1b169ac70

Time (s): cpu = 00:00:13 ; elapsed = 00:00:15 . Memory (MB): peak = 1901.836 ; gain = 90.273

Phase 7 Route finalize

Router Utilization Summary
  Global Vertical Routing Utilization    = 0.167902 %
  Global Horizontal Routing Utilization  = 0.211739 %
  Routable Net Status*
  *Does not include unroutable nets such as driverless and loadless.
  Run report_route_status for detailed report.
  Number of Failed Nets               = 0
    (Failed Nets is the sum of unrouted and partially routed nets)
  Number of Unrouted Nets             = 0
  Number of Partially Routed Nets     = 0
  Number of Node Overlaps             = 0

Phase 7 Route finalize | Checksum: 153cfe986

Time (s): cpu = 00:00:13 ; elapsed = 00:00:15 . Memory (MB): peak = 1901.836 ; gain = 90.273

Phase 8 Verifying routed nets

 Verification completed successfully
Phase 8 Verifying routed nets | Checksum: 153cfe986

Time (s): cpu = 00:00:13 ; elapsed = 00:00:15 . Memory (MB): peak = 1902.520 ; gain = 90.957

Phase 9 Depositing Routes
Phase 9 Depositing Routes | Checksum: 157679ebe

Time (s): cpu = 00:00:13 ; elapsed = 00:00:15 . Memory (MB): peak = 1902.520 ; gain = 90.957

Phase 10 Post Router Timing
INFO: [Route 35-57] Estimated Timing Summary | WNS=6.815  | TNS=0.000  | WHS=0.152  | THS=0.000  |

INFO: [Route 35-327] The final timing numbers are based on the router estimated timing analysis. For a complete and accurate timing signoff, please run report_timing_summary.
Phase 10 Post Router Timing | Checksum: 157679ebe

Time (s): cpu = 00:00:13 ; elapsed = 00:00:15 . Memory (MB): peak = 1902.520 ; gain = 90.957
INFO: [Route 35-16] Router Completed Successfully

Time (s): cpu = 00:00:13 ; elapsed = 00:00:15 . Memory (MB): peak = 1902.520 ; gain = 90.957

Routing Is Done.
INFO: [Common 17-83] Releasing license: Implementation
85 Infos, 4 Warnings, 4 Critical Warnings and 0 Errors encountered.
route_design completed successfully
route_design: Time (s): cpu = 00:00:13 ; elapsed = 00:00:15 . Memory (MB): peak = 1902.520 ; gain = 102.012
INFO: [Timing 38-480] Writing timing data to binary archive.
Writing XDEF routing.
Writing XDEF routing logical nets.
Writing XDEF routing special nets.
Write XDEF Complete: Time (s): cpu = 00:00:00 ; elapsed = 00:00:00.058 . Memory (MB): peak = 1914.305 ; gain = 11.785
INFO: [Common 17-1381] The checkpoint 'D:/OneDrive/University/year_3/semester_1/2110363_HW_SYN_LAB_I/project/Final_Project/HW_SYS_LAB_Project/Term_Project/Term_Project.runs/impl_1/vga_routed.dcp' has been generated.
INFO: [runtcl-4] Executing : report_drc -file vga_drc_routed.rpt -pb vga_drc_routed.pb -rpx vga_drc_routed.rpx
Command: report_drc -file vga_drc_routed.rpt -pb vga_drc_routed.pb -rpx vga_drc_routed.rpx
INFO: [IP_Flow 19-1839] IP Catalog is up to date.
INFO: [DRC 23-27] Running DRC with 2 threads
INFO: [Vivado_Tcl 2-168] The results of DRC are in file D:/OneDrive/University/year_3/semester_1/2110363_HW_SYN_LAB_I/project/Final_Project/HW_SYS_LAB_Project/Term_Project/Term_Project.runs/impl_1/vga_drc_routed.rpt.
report_drc completed successfully
INFO: [runtcl-4] Executing : report_methodology -file vga_methodology_drc_routed.rpt -pb vga_methodology_drc_routed.pb -rpx vga_methodology_drc_routed.rpx
Command: report_methodology -file vga_methodology_drc_routed.rpt -pb vga_methodology_drc_routed.pb -rpx vga_methodology_drc_routed.rpx
INFO: [Timing 38-35] Done setting XDC timing constraints.
INFO: [DRC 23-133] Running Methodology with 2 threads
INFO: [Vivado_Tcl 2-1520] The results of Report Methodology are in file D:/OneDrive/University/year_3/semester_1/2110363_HW_SYN_LAB_I/project/Final_Project/HW_SYS_LAB_Project/Term_Project/Term_Project.runs/impl_1/vga_methodology_drc_routed.rpt.
report_methodology completed successfully
INFO: [runtcl-4] Executing : report_power -file vga_power_routed.rpt -pb vga_power_summary_routed.pb -rpx vga_power_routed.rpx
Command: report_power -file vga_power_routed.rpt -pb vga_power_summary_routed.pb -rpx vga_power_routed.rpx
INFO: [Timing 38-35] Done setting XDC timing constraints.
Running Vector-less Activity Propagation...

Finished Running Vector-less Activity Propagation
97 Infos, 4 Warnings, 4 Critical Warnings and 0 Errors encountered.
report_power completed successfully
INFO: [runtcl-4] Executing : report_route_status -file vga_route_status.rpt -pb vga_route_status.pb
INFO: [runtcl-4] Executing : report_timing_summary -max_paths 10 -report_unconstrained -file vga_timing_summary_routed.rpt -pb vga_timing_summary_routed.pb -rpx vga_timing_summary_routed.rpx -warn_on_violation 
INFO: [Timing 38-91] UpdateTimingParams: Speed grade: -3, Delay Type: min_max.
INFO: [Timing 38-191] Multithreading enabled for timing update using a maximum of 2 CPUs
INFO: [runtcl-4] Executing : report_incremental_reuse -file vga_incremental_reuse_routed.rpt
INFO: [Vivado_Tcl 4-1062] Incremental flow is disabled. No incremental reuse Info to report.
INFO: [runtcl-4] Executing : report_clock_utilization -file vga_clock_utilization_routed.rpt
INFO: [runtcl-4] Executing : report_bus_skew -warn_on_violation -file vga_bus_skew_routed.rpt -pb vga_bus_skew_routed.pb -rpx vga_bus_skew_routed.rpx
INFO: [Timing 38-91] UpdateTimingParams: Speed grade: -3, Delay Type: min_max.
INFO: [Timing 38-191] Multithreading enabled for timing update using a maximum of 2 CPUs
Command: write_bitstream -force vga.bit
Attempting to get a license for feature 'Implementation' and/or device 'xc7a35t'
INFO: [Common 17-349] Got license for feature 'Implementation' and/or device 'xc7a35t'
Running DRC as a precondition to command write_bitstream
INFO: [IP_Flow 19-1839] IP Catalog is up to date.
INFO: [DRC 23-27] Running DRC with 2 threads
WARNING: [DRC PDRC-153] Gated clock check: Net s/number_reg[3]_i_2_n_0 is a gated clock net sourced by a combinational pin s/number_reg[3]_i_2/O, cell s/number_reg[3]_i_2. This is not good design practice and will likely impact performance. For SLICE registers, for example, use the CE pin to control the loading of data.
INFO: [Vivado 12-3199] DRC finished with 0 Errors, 1 Warnings
INFO: [Vivado 12-3200] Please refer to the DRC report (report_drc) for more information.
INFO: [Designutils 20-2272] Running write_bitstream with 2 threads.
Loading data files...
Loading site data...
Loading route data...
Processing options...
Creating bitmap...
Creating bitstream...
Writing bitstream ./vga.bit...
INFO: [Vivado 12-1842] Bitgen Completed Successfully.
INFO: [Project 1-1876] WebTalk data collection is mandatory when using a ULT device. To see the specific WebTalk data collected for your design, open the usage_statistics_webtalk.html or usage_statistics_webtalk.xml file in the implementation directory.
INFO: [Common 17-83] Releasing license: Implementation
12 Infos, 1 Warnings, 0 Critical Warnings and 0 Errors encountered.
write_bitstream completed successfully
write_bitstream: Time (s): cpu = 00:00:06 ; elapsed = 00:00:07 . Memory (MB): peak = 2364.863 ; gain = 425.406
INFO: [Common 17-206] Exiting Vivado at Mon Dec  5 00:58:20 2022...
